[my.sdu.edu.kz/index.html]
[backblue.gif]
[fade.gif]
[index.html]
[my.sdu.edu.kz/css/loginAuth.css]
[my.sdu.edu.kz/images/icons/favicon.ico]
[my.sdu.edu.kz/images/kz.png]
[my.sdu.edu.kz/images/gb.png]
[my.sdu.edu.kz/indexfa51.html]
[my.sdu.edu.kz/index6dc5.html]
[my.sdu.edu.kz/images/login-logo-ps.png]
[my.sdu.edu.kz/images/gmail.jpg]
[my.sdu.edu.kz/index.html]
[my.sdu.edu.kz/indexfa51.html]
[my.sdu.edu.kz/index6dc5.html]
[my.sdu.edu.kz/passwForgot/index.html]
[my.sdu.edu.kz/passwForgot/index.html]
[my.sdu.edu.kz/css/loginAuth.css]
[my.sdu.edu.kz/passwForgot/index.html]
[my.sdu.edu.kz/css/images/top-back.html]
